2023/03/29 17:38:07 [emerg] 1#1: unexpected end of file, expecting "}" in /etc/nginx/conf.d/default.conf:27
2023/03/29 17:38:08 [emerg] 1#1: unexpected end of file, expecting "}" in /etc/nginx/conf.d/default.conf:27
2023/03/29 17:38:10 [emerg] 1#1: unexpected end of file, expecting "}" in /etc/nginx/conf.d/default.conf:27
2023/03/29 17:38:11 [emerg] 1#1: unexpected end of file, expecting "}" in /etc/nginx/conf.d/default.conf:27
2023/03/29 17:38:13 [emerg] 1#1: unexpected end of file, expecting "}" in /etc/nginx/conf.d/default.conf:27
2023/03/29 17:38:15 [emerg] 1#1: unexpected end of file, expecting "}" in /etc/nginx/conf.d/default.conf:27
2023/03/29 17:38:19 [emerg] 1#1: unexpected end of file, expecting "}" in /etc/nginx/conf.d/default.conf:27
2023/03/29 17:38:26 [emerg] 1#1: unexpected end of file, expecting "}" in /etc/nginx/conf.d/default.conf:27
2023/03/29 17:38:39 [emerg] 1#1: unexpected end of file, expecting "}" in /etc/nginx/conf.d/default.conf:27
2023/03/29 17:39:05 [emerg] 1#1: unexpected end of file, expecting "}" in /etc/nginx/conf.d/default.conf:27
2023/03/29 17:39:57 [emerg] 1#1: unexpected end of file, expecting "}" in /etc/nginx/conf.d/default.conf:27
2023/03/29 17:40:58 [emerg] 1#1: unexpected end of file, expecting "}" in /etc/nginx/conf.d/default.conf:27
2023/03/29 17:41:58 [emerg] 1#1: unexpected end of file, expecting "}" in /etc/nginx/conf.d/default.conf:27
2023/03/29 17:42:59 [emerg] 1#1: unexpected end of file, expecting "}" in /etc/nginx/conf.d/default.conf:27
2023/03/29 17:43:59 [emerg] 1#1: unexpected end of file, expecting "}" in /etc/nginx/conf.d/default.conf:27
2023/03/29 17:45:00 [emerg] 1#1: unexpected end of file, expecting "}" in /etc/nginx/conf.d/default.conf:27
2023/03/29 17:46:00 [emerg] 1#1: unexpected end of file, expecting "}" in /etc/nginx/conf.d/default.conf:27
2023/03/29 17:47:01 [emerg] 1#1: unexpected end of file, expecting "}" in /etc/nginx/conf.d/default.conf:27
2023/03/29 17:48:01 [emerg] 1#1: unexpected end of file, expecting "}" in /etc/nginx/conf.d/default.conf:27
2023/03/29 17:49:02 [emerg] 1#1: unexpected end of file, expecting "}" in /etc/nginx/conf.d/default.conf:27
2023/03/29 17:50:02 [emerg] 1#1: unexpected end of file, expecting "}" in /etc/nginx/conf.d/default.conf:27
2023/03/29 17:51:03 [emerg] 1#1: unexpected end of file, expecting "}" in /etc/nginx/conf.d/default.conf:27
2023/03/29 17:52:03 [emerg] 1#1: unexpected end of file, expecting "}" in /etc/nginx/conf.d/default.conf:27
2023/03/29 17:53:04 [emerg] 1#1: unexpected end of file, expecting "}" in /etc/nginx/conf.d/default.conf:27
2023/03/29 17:54:04 [emerg] 1#1: unexpected end of file, expecting "}" in /etc/nginx/conf.d/default.conf:27
2023/03/29 17:55:05 [emerg] 1#1: unexpected end of file, expecting "}" in /etc/nginx/conf.d/default.conf:27
2023/03/29 17:56:06 [emerg] 1#1: unexpected end of file, expecting "}" in /etc/nginx/conf.d/default.conf:27
2023/03/29 17:57:06 [emerg] 1#1: unexpected end of file, expecting "}" in /etc/nginx/conf.d/default.conf:27
2023/03/29 17:58:07 [emerg] 1#1: unexpected end of file, expecting "}" in /etc/nginx/conf.d/default.conf:27
2023/03/29 17:59:07 [emerg] 1#1: unexpected end of file, expecting "}" in /etc/nginx/conf.d/default.conf:27
2023/03/29 18:00:08 [emerg] 1#1: unexpected end of file, expecting "}" in /etc/nginx/conf.d/default.conf:27
2023/03/29 18:01:08 [emerg] 1#1: unexpected end of file, expecting "}" in /etc/nginx/conf.d/default.conf:27
2023/03/29 18:01:59 [emerg] 1#1: unexpected end of file, expecting "}" in /etc/nginx/conf.d/default.conf:27
2023/03/29 18:01:59 [emerg] 1#1: unexpected end of file, expecting "}" in /etc/nginx/conf.d/default.conf:27
2023/03/29 18:02:00 [emerg] 1#1: unexpected end of file, expecting "}" in /etc/nginx/conf.d/default.conf:27
2023/03/29 18:02:01 [emerg] 1#1: unexpected end of file, expecting "}" in /etc/nginx/conf.d/default.conf:27
2023/03/29 18:02:02 [emerg] 1#1: unexpected end of file, expecting "}" in /etc/nginx/conf.d/default.conf:27
2023/03/29 18:02:04 [emerg] 1#1: unexpected end of file, expecting "}" in /etc/nginx/conf.d/default.conf:27
2023/03/29 18:02:08 [emerg] 1#1: unexpected end of file, expecting "}" in /etc/nginx/conf.d/default.conf:27
2023/03/29 18:02:15 [emerg] 1#1: unexpected end of file, expecting "}" in /etc/nginx/conf.d/default.conf:27
2023/03/29 18:02:28 [emerg] 1#1: unexpected end of file, expecting "}" in /etc/nginx/conf.d/default.conf:27
2023/03/29 18:02:54 [emerg] 1#1: unexpected end of file, expecting "}" in /etc/nginx/conf.d/default.conf:27
2023/03/29 18:03:46 [emerg] 1#1: unexpected end of file, expecting "}" in /etc/nginx/conf.d/default.conf:27
2023/03/29 18:04:47 [emerg] 1#1: unexpected end of file, expecting "}" in /etc/nginx/conf.d/default.conf:27
2023/03/29 18:05:47 [emerg] 1#1: unexpected end of file, expecting "}" in /etc/nginx/conf.d/default.conf:27
2023/03/29 18:06:48 [emerg] 1#1: unexpected end of file, expecting "}" in /etc/nginx/conf.d/default.conf:27
2023/03/29 18:07:48 [emerg] 1#1: unexpected end of file, expecting "}" in /etc/nginx/conf.d/default.conf:27
2023/03/29 18:08:49 [emerg] 1#1: unexpected end of file, expecting "}" in /etc/nginx/conf.d/default.conf:27
2023/03/29 18:09:49 [emerg] 1#1: unexpected end of file, expecting "}" in /etc/nginx/conf.d/default.conf:27
2023/03/29 18:10:50 [emerg] 1#1: unexpected end of file, expecting "}" in /etc/nginx/conf.d/default.conf:27
2023/03/29 18:11:50 [emerg] 1#1: unexpected end of file, expecting "}" in /etc/nginx/conf.d/default.conf:27
2023/03/29 18:12:51 [emerg] 1#1: unexpected end of file, expecting "}" in /etc/nginx/conf.d/default.conf:27
2023/03/29 18:13:51 [emerg] 1#1: unexpected end of file, expecting "}" in /etc/nginx/conf.d/default.conf:27
2023/03/29 18:14:52 [emerg] 1#1: unexpected end of file, expecting "}" in /etc/nginx/conf.d/default.conf:27
2023/03/29 18:15:52 [emerg] 1#1: unexpected end of file, expecting "}" in /etc/nginx/conf.d/default.conf:27
2023/03/29 18:16:53 [emerg] 1#1: unexpected end of file, expecting "}" in /etc/nginx/conf.d/default.conf:27
2023/03/29 18:17:53 [emerg] 1#1: unexpected end of file, expecting "}" in /etc/nginx/conf.d/default.conf:27
2023/03/29 18:18:54 [emerg] 1#1: unexpected end of file, expecting "}" in /etc/nginx/conf.d/default.conf:27
2023/03/29 18:19:54 [emerg] 1#1: unexpected end of file, expecting "}" in /etc/nginx/conf.d/default.conf:27
2023/03/29 18:20:55 [emerg] 1#1: unexpected end of file, expecting "}" in /etc/nginx/conf.d/default.conf:27
2023/03/29 18:21:55 [emerg] 1#1: unexpected end of file, expecting "}" in /etc/nginx/conf.d/default.conf:27
2023/03/29 18:22:56 [emerg] 1#1: unexpected end of file, expecting "}" in /etc/nginx/conf.d/default.conf:27
2023/03/29 18:23:56 [emerg] 1#1: unexpected end of file, expecting "}" in /etc/nginx/conf.d/default.conf:27
2023/03/29 18:24:57 [emerg] 1#1: unexpected end of file, expecting "}" in /etc/nginx/conf.d/default.conf:27
2023/03/29 18:25:57 [emerg] 1#1: unexpected end of file, expecting "}" in /etc/nginx/conf.d/default.conf:27
2023/03/29 18:26:58 [emerg] 1#1: unexpected end of file, expecting "}" in /etc/nginx/conf.d/default.conf:27
2023/03/29 18:27:58 [emerg] 1#1: unexpected end of file, expecting "}" in /etc/nginx/conf.d/default.conf:27
2023/03/29 18:28:59 [emerg] 1#1: unexpected end of file, expecting "}" in /etc/nginx/conf.d/default.conf:27
2023/03/29 18:29:59 [emerg] 1#1: unexpected end of file, expecting "}" in /etc/nginx/conf.d/default.conf:27
2023/03/29 18:31:00 [emerg] 1#1: unexpected end of file, expecting "}" in /etc/nginx/conf.d/default.conf:27
2023/03/29 18:32:00 [emerg] 1#1: unexpected end of file, expecting "}" in /etc/nginx/conf.d/default.conf:27
2023/03/29 18:33:01 [emerg] 1#1: unexpected end of file, expecting "}" in /etc/nginx/conf.d/default.conf:27
2023/03/29 18:34:01 [emerg] 1#1: unexpected end of file, expecting "}" in /etc/nginx/conf.d/default.conf:27
2023/03/29 18:35:02 [emerg] 1#1: unexpected end of file, expecting "}" in /etc/nginx/conf.d/default.conf:27
2023/03/29 18:36:02 [emerg] 1#1: unexpected end of file, expecting "}" in /etc/nginx/conf.d/default.conf:27
2023/03/29 18:37:03 [emerg] 1#1: unexpected end of file, expecting "}" in /etc/nginx/conf.d/default.conf:27
2023/03/29 18:38:03 [emerg] 1#1: unexpected end of file, expecting "}" in /etc/nginx/conf.d/default.conf:27
2023/03/29 19:39:11 [emerg] 1#1: unexpected end of file, expecting "}" in /etc/nginx/conf.d/default.conf:27
2023/03/29 19:39:13 [emerg] 1#1: unexpected end of file, expecting "}" in /etc/nginx/conf.d/default.conf:27
2023/03/29 19:39:14 [emerg] 1#1: unexpected end of file, expecting "}" in /etc/nginx/conf.d/default.conf:27
2023/03/29 19:39:15 [emerg] 1#1: unexpected end of file, expecting "}" in /etc/nginx/conf.d/default.conf:27
2023/03/29 19:39:17 [emerg] 1#1: unexpected end of file, expecting "}" in /etc/nginx/conf.d/default.conf:27
2023/03/29 19:39:20 [emerg] 1#1: unexpected end of file, expecting "}" in /etc/nginx/conf.d/default.conf:27
2023/03/29 19:39:24 [emerg] 1#1: unexpected end of file, expecting "}" in /etc/nginx/conf.d/default.conf:27
2023/03/29 19:39:24 [notice] 1#1: using the "epoll" event method
2023/03/29 19:39:24 [notice] 1#1: nginx/1.23.4
2023/03/29 19:39:24 [notice] 1#1: built by gcc 10.2.1 20210110 (Debian 10.2.1-6) 
2023/03/29 19:39:24 [notice] 1#1: OS: Linux 3.10.0-1160.76.1.el7.x86_64
2023/03/29 19:39:24 [notice] 1#1: getrlimit(RLIMIT_NOFILE): 1048576:1048576
2023/03/29 19:39:24 [notice] 1#1: start worker processes
2023/03/29 19:39:24 [notice] 1#1: start worker process 28
2023/03/29 19:52:26 [notice] 1#1: signal 3 (SIGQUIT) received, shutting down
2023/03/29 19:52:26 [notice] 28#28: gracefully shutting down
2023/03/29 19:52:26 [notice] 28#28: exiting
2023/03/29 19:52:26 [notice] 28#28: exit
2023/03/29 19:52:26 [notice] 1#1: signal 17 (SIGCHLD) received from 28
2023/03/29 19:52:26 [notice] 1#1: worker process 28 exited with code 0
2023/03/29 19:52:26 [notice] 1#1: exit
2023/03/30 05:55:26 [notice] 1#1: using the "epoll" event method
2023/03/30 05:55:26 [notice] 1#1: nginx/1.23.4
2023/03/30 05:55:26 [notice] 1#1: built by gcc 10.2.1 20210110 (Debian 10.2.1-6) 
2023/03/30 05:55:26 [notice] 1#1: OS: Linux 3.10.0-1160.76.1.el7.x86_64
2023/03/30 05:55:26 [notice] 1#1: getrlimit(RLIMIT_NOFILE): 1048576:1048576
2023/03/30 05:55:26 [notice] 1#1: start worker processes
2023/03/30 05:55:26 [notice] 1#1: start worker process 28
2023/03/30 11:05:19 [notice] 1#1: signal 3 (SIGQUIT) received, shutting down
2023/03/30 11:05:19 [notice] 28#28: gracefully shutting down
2023/03/30 11:05:19 [notice] 28#28: exiting
2023/03/30 11:05:19 [notice] 28#28: exit
2023/03/30 11:05:19 [notice] 1#1: signal 17 (SIGCHLD) received from 28
2023/03/30 11:05:19 [notice] 1#1: worker process 28 exited with code 0
2023/03/30 11:05:19 [notice] 1#1: exit
2023/03/30 11:05:23 [notice] 1#1: using the "epoll" event method
2023/03/30 11:05:23 [notice] 1#1: nginx/1.23.4
2023/03/30 11:05:23 [notice] 1#1: built by gcc 10.2.1 20210110 (Debian 10.2.1-6) 
2023/03/30 11:05:23 [notice] 1#1: OS: Linux 3.10.0-1160.76.1.el7.x86_64
2023/03/30 11:05:23 [notice] 1#1: getrlimit(RLIMIT_NOFILE): 1048576:1048576
2023/03/30 11:05:23 [notice] 1#1: start worker processes
2023/03/30 11:05:23 [notice] 1#1: start worker process 28
2023/03/30 15:17:41 [notice] 1#1: signal 3 (SIGQUIT) received, shutting down
2023/03/30 15:17:42 [notice] 28#28: gracefully shutting down
2023/03/30 15:17:42 [notice] 28#28: exiting
2023/03/30 15:17:42 [notice] 28#28: exit
2023/03/30 15:17:42 [notice] 1#1: signal 17 (SIGCHLD) received from 28
2023/03/30 15:17:42 [notice] 1#1: worker process 28 exited with code 0
2023/03/30 15:17:42 [notice] 1#1: exit
2023/03/30 15:17:44 [notice] 1#1: using the "epoll" event method
2023/03/30 15:17:44 [notice] 1#1: nginx/1.23.4
2023/03/30 15:17:44 [notice] 1#1: built by gcc 10.2.1 20210110 (Debian 10.2.1-6) 
2023/03/30 15:17:44 [notice] 1#1: OS: Linux 3.10.0-1160.76.1.el7.x86_64
2023/03/30 15:17:44 [notice] 1#1: getrlimit(RLIMIT_NOFILE): 1048576:1048576
2023/03/30 15:17:44 [notice] 1#1: start worker processes
2023/03/30 15:17:44 [notice] 1#1: start worker process 28
2023/03/30 15:23:19 [error] 28#28: *10 connect() failed (113: No route to host) while connecting to upstream, client: 223.30.216.76, server: localhost.example, request: "GET / HTTP/1.1", upstream: "fastcgi://172.18.0.4:9000", host: "100.26.195.139"
2023/03/30 15:23:22 [error] 28#28: *10 connect() failed (113: No route to host) while connecting to upstream, client: 223.30.216.76, server: localhost.example, request: "GET /favicon.ico HTTP/1.1", upstream: "fastcgi://172.18.0.4:9000", host: "100.26.195.139", referrer: "http://100.26.195.139/"
2023/03/30 15:24:48 [error] 28#28: *14 connect() failed (113: No route to host) while connecting to upstream, client: 223.30.216.76, server: localhost.example, request: "GET / HTTP/1.1", upstream: "fastcgi://172.18.0.4:9000", host: "100.26.195.139"
2023/03/30 15:24:51 [error] 28#28: *14 connect() failed (113: No route to host) while connecting to upstream, client: 223.30.216.76, server: localhost.example, request: "GET /favicon.ico HTTP/1.1", upstream: "fastcgi://172.18.0.4:9000", host: "100.26.195.139", referrer: "http://100.26.195.139/"
2023/03/30 15:26:34 [error] 28#28: *19 connect() failed (113: No route to host) while connecting to upstream, client: 223.30.216.76, server: localhost.example, request: "GET / HTTP/1.1", upstream: "fastcgi://172.18.0.4:9000", host: "100.26.195.139"
2023/03/30 15:26:37 [error] 28#28: *19 connect() failed (113: No route to host) while connecting to upstream, client: 223.30.216.76, server: localhost.example, request: "GET /favicon.ico HTTP/1.1", upstream: "fastcgi://172.18.0.4:9000", host: "100.26.195.139", referrer: "http://100.26.195.139/"
2023/03/30 15:28:43 [notice] 1#1: signal 3 (SIGQUIT) received, shutting down
2023/03/30 15:28:43 [notice] 28#28: gracefully shutting down
2023/03/30 15:28:52 [error] 28#28: *25 upstream timed out (110: Connection timed out) while connecting to upstream, client: 223.30.216.76, server: localhost.example, request: "GET / HTTP/1.1", upstream: "fastcgi://172.18.0.4:9000", host: "100.26.195.139"
2023/03/30 15:28:52 [notice] 28#28: exiting
2023/03/30 15:28:52 [notice] 28#28: exit
2023/03/30 15:28:52 [notice] 1#1: signal 17 (SIGCHLD) received from 28
2023/03/30 15:28:52 [notice] 1#1: worker process 28 exited with code 0
2023/03/30 15:28:52 [notice] 1#1: exit
2023/03/30 15:28:54 [notice] 1#1: using the "epoll" event method
2023/03/30 15:28:54 [notice] 1#1: nginx/1.23.4
2023/03/30 15:28:54 [notice] 1#1: built by gcc 10.2.1 20210110 (Debian 10.2.1-6) 
2023/03/30 15:28:54 [notice] 1#1: OS: Linux 3.10.0-1160.76.1.el7.x86_64
2023/03/30 15:28:54 [notice] 1#1: getrlimit(RLIMIT_NOFILE): 1048576:1048576
2023/03/30 15:28:54 [notice] 1#1: start worker processes
2023/03/30 15:28:54 [notice] 1#1: start worker process 28
2023/03/30 15:41:19 [notice] 1#1: signal 3 (SIGQUIT) received, shutting down
2023/03/30 15:41:19 [notice] 28#28: gracefully shutting down
2023/03/30 15:41:19 [notice] 28#28: exiting
2023/03/30 15:41:19 [notice] 28#28: exit
2023/03/30 15:41:19 [notice] 1#1: signal 17 (SIGCHLD) received from 28
2023/03/30 15:41:19 [notice] 1#1: worker process 28 exited with code 0
2023/03/30 15:41:19 [notice] 1#1: exit
2023/03/30 15:41:22 [notice] 1#1: using the "epoll" event method
2023/03/30 15:41:22 [notice] 1#1: nginx/1.23.4
2023/03/30 15:41:22 [notice] 1#1: built by gcc 10.2.1 20210110 (Debian 10.2.1-6) 
2023/03/30 15:41:22 [notice] 1#1: OS: Linux 3.10.0-1160.76.1.el7.x86_64
2023/03/30 15:41:22 [notice] 1#1: getrlimit(RLIMIT_NOFILE): 1048576:1048576
2023/03/30 15:41:22 [notice] 1#1: start worker processes
2023/03/30 15:41:22 [notice] 1#1: start worker process 28
2023/03/30 16:29:03 [notice] 1#1: signal 3 (SIGQUIT) received, shutting down
2023/03/30 16:29:03 [notice] 28#28: gracefully shutting down
2023/03/30 16:29:03 [notice] 28#28: exiting
2023/03/30 16:29:03 [notice] 28#28: exit
2023/03/30 16:29:03 [notice] 1#1: signal 17 (SIGCHLD) received from 28
2023/03/30 16:29:03 [notice] 1#1: worker process 28 exited with code 0
2023/03/30 16:29:03 [notice] 1#1: exit
2023/03/30 16:29:07 [notice] 1#1: using the "epoll" event method
2023/03/30 16:29:07 [notice] 1#1: nginx/1.23.4
2023/03/30 16:29:07 [notice] 1#1: built by gcc 10.2.1 20210110 (Debian 10.2.1-6) 
2023/03/30 16:29:07 [notice] 1#1: OS: Linux 3.10.0-1160.76.1.el7.x86_64
2023/03/30 16:29:07 [notice] 1#1: getrlimit(RLIMIT_NOFILE): 1048576:1048576
2023/03/30 16:29:07 [notice] 1#1: start worker processes
2023/03/30 16:29:07 [notice] 1#1: start worker process 28
2023/03/30 16:32:25 [notice] 1#1: signal 3 (SIGQUIT) received, shutting down
2023/03/30 16:32:25 [notice] 28#28: gracefully shutting down
2023/03/30 16:32:25 [notice] 28#28: exiting
2023/03/30 16:32:25 [notice] 28#28: exit
2023/03/30 16:32:25 [notice] 1#1: signal 17 (SIGCHLD) received from 28
2023/03/30 16:32:25 [notice] 1#1: worker process 28 exited with code 0
2023/03/30 16:32:25 [notice] 1#1: exit
2023/03/30 16:32:29 [notice] 1#1: using the "epoll" event method
2023/03/30 16:32:29 [notice] 1#1: nginx/1.23.4
2023/03/30 16:32:29 [notice] 1#1: built by gcc 10.2.1 20210110 (Debian 10.2.1-6) 
2023/03/30 16:32:29 [notice] 1#1: OS: Linux 3.10.0-1160.76.1.el7.x86_64
2023/03/30 16:32:29 [notice] 1#1: getrlimit(RLIMIT_NOFILE): 1048576:1048576
2023/03/30 16:32:29 [notice] 1#1: start worker processes
2023/03/30 16:32:29 [notice] 1#1: start worker process 28
2023/03/30 16:32:33 [notice] 1#1: signal 3 (SIGQUIT) received, shutting down
2023/03/30 16:32:33 [notice] 28#28: gracefully shutting down
2023/03/30 16:32:33 [notice] 28#28: exiting
2023/03/30 16:32:33 [notice] 28#28: exit
2023/03/30 16:32:33 [notice] 1#1: signal 17 (SIGCHLD) received from 28
2023/03/30 16:32:33 [notice] 1#1: worker process 28 exited with code 0
2023/03/30 16:32:33 [notice] 1#1: exit
2023/03/30 16:32:36 [notice] 1#1: using the "epoll" event method
2023/03/30 16:32:36 [notice] 1#1: nginx/1.23.4
2023/03/30 16:32:36 [notice] 1#1: built by gcc 10.2.1 20210110 (Debian 10.2.1-6) 
2023/03/30 16:32:36 [notice] 1#1: OS: Linux 3.10.0-1160.76.1.el7.x86_64
2023/03/30 16:32:36 [notice] 1#1: getrlimit(RLIMIT_NOFILE): 1048576:1048576
2023/03/30 16:32:36 [notice] 1#1: start worker processes
2023/03/30 16:32:36 [notice] 1#1: start worker process 28
2023/03/30 16:44:48 [error] 28#28: *16 upstream timed out (110: Connection timed out) while reading response header from upstream, client: 223.30.216.76, server: localhost.example, request: "GET / HTTP/1.1", upstream: "fastcgi://172.18.0.3:9000", host: "100.26.195.139"
2023/03/30 17:41:22 [notice] 1#1: signal 3 (SIGQUIT) received, shutting down
2023/03/30 17:41:22 [notice] 28#28: gracefully shutting down
2023/03/30 17:41:22 [notice] 28#28: exiting
2023/03/30 17:41:22 [notice] 28#28: exit
2023/03/30 17:41:22 [notice] 1#1: signal 17 (SIGCHLD) received from 28
2023/03/30 17:41:22 [notice] 1#1: worker process 28 exited with code 0
2023/03/30 17:41:22 [notice] 1#1: exit
2023/03/30 17:42:16 [notice] 1#1: using the "epoll" event method
2023/03/30 17:42:16 [notice] 1#1: nginx/1.23.4
2023/03/30 17:42:16 [notice] 1#1: built by gcc 10.2.1 20210110 (Debian 10.2.1-6) 
2023/03/30 17:42:16 [notice] 1#1: OS: Linux 3.10.0-1160.88.1.el7.x86_64
2023/03/30 17:42:16 [notice] 1#1: getrlimit(RLIMIT_NOFILE): 1048576:1048576
2023/03/30 17:42:16 [notice] 1#1: start worker processes
2023/03/30 17:42:16 [notice] 1#1: start worker process 28
2023/03/30 17:50:01 [error] 28#28: *7 upstream timed out (110: Connection timed out) while reading response header from upstream, client: 223.30.216.76, server: localhost.example, request: "GET / HTTP/1.1", upstream: "fastcgi://172.18.0.4:9000", host: "100.26.195.139"
2023/03/30 17:51:34 [error] 28#28: *7 upstream timed out (110: Connection timed out) while reading response header from upstream, client: 223.30.216.76, server: localhost.example, request: "GET / HTTP/1.1", upstream: "fastcgi://172.18.0.4:9000", host: "100.26.195.139"
2023/03/30 17:57:05 [notice] 1#1: signal 3 (SIGQUIT) received, shutting down
2023/03/30 17:57:05 [notice] 28#28: gracefully shutting down
2023/03/30 17:57:05 [notice] 28#28: exiting
2023/03/30 17:57:05 [notice] 28#28: exit
2023/03/30 17:57:05 [notice] 1#1: signal 17 (SIGCHLD) received from 28
2023/03/30 17:57:05 [notice] 1#1: worker process 28 exited with code 0
2023/03/30 17:57:05 [notice] 1#1: exit
2023/03/30 17:57:10 [notice] 1#1: using the "epoll" event method
2023/03/30 17:57:10 [notice] 1#1: nginx/1.23.4
2023/03/30 17:57:10 [notice] 1#1: built by gcc 10.2.1 20210110 (Debian 10.2.1-6) 
2023/03/30 17:57:10 [notice] 1#1: OS: Linux 3.10.0-1160.88.1.el7.x86_64
2023/03/30 17:57:10 [notice] 1#1: getrlimit(RLIMIT_NOFILE): 1048576:1048576
2023/03/30 17:57:10 [notice] 1#1: start worker processes
2023/03/30 17:57:10 [notice] 1#1: start worker process 28
2023/03/30 18:02:03 [notice] 1#1: signal 3 (SIGQUIT) received, shutting down
2023/03/30 18:02:03 [notice] 28#28: gracefully shutting down
2023/03/30 18:02:03 [notice] 28#28: exiting
2023/03/30 18:02:03 [notice] 28#28: exit
2023/03/30 18:02:03 [notice] 1#1: signal 17 (SIGCHLD) received from 28
2023/03/30 18:02:03 [notice] 1#1: worker process 28 exited with code 0
2023/03/30 18:02:03 [notice] 1#1: exit
2023/03/31 03:53:57 [notice] 1#1: using the "epoll" event method
2023/03/31 03:53:57 [notice] 1#1: nginx/1.23.4
2023/03/31 03:53:57 [notice] 1#1: built by gcc 10.2.1 20210110 (Debian 10.2.1-6) 
2023/03/31 03:53:57 [notice] 1#1: OS: Linux 3.10.0-1160.88.1.el7.x86_64
2023/03/31 03:53:57 [notice] 1#1: getrlimit(RLIMIT_NOFILE): 1048576:1048576
2023/03/31 03:53:57 [notice] 1#1: start worker processes
2023/03/31 03:53:57 [notice] 1#1: start worker process 28
2023/03/31 04:16:49 [notice] 1#1: signal 3 (SIGQUIT) received, shutting down
2023/03/31 04:16:49 [notice] 28#28: gracefully shutting down
2023/03/31 04:16:49 [notice] 28#28: exiting
2023/03/31 04:16:49 [notice] 28#28: exit
2023/03/31 04:16:49 [notice] 1#1: signal 17 (SIGCHLD) received from 28
2023/03/31 04:16:49 [notice] 1#1: worker process 28 exited with code 0
2023/03/31 04:16:49 [notice] 1#1: exit
2023/03/31 04:16:54 [notice] 1#1: using the "epoll" event method
2023/03/31 04:16:54 [notice] 1#1: nginx/1.23.4
2023/03/31 04:16:54 [notice] 1#1: built by gcc 10.2.1 20210110 (Debian 10.2.1-6) 
2023/03/31 04:16:54 [notice] 1#1: OS: Linux 3.10.0-1160.88.1.el7.x86_64
2023/03/31 04:16:54 [notice] 1#1: getrlimit(RLIMIT_NOFILE): 1048576:1048576
2023/03/31 04:16:54 [notice] 1#1: start worker processes
2023/03/31 04:16:54 [notice] 1#1: start worker process 28
2023/03/31 04:41:02 [notice] 1#1: signal 3 (SIGQUIT) received, shutting down
2023/03/31 04:41:02 [notice] 28#28: gracefully shutting down
2023/03/31 04:41:02 [notice] 28#28: exiting
2023/03/31 04:41:02 [notice] 28#28: exit
2023/03/31 04:41:02 [notice] 1#1: signal 17 (SIGCHLD) received from 28
2023/03/31 04:41:02 [notice] 1#1: worker process 28 exited with code 0
2023/03/31 04:41:02 [notice] 1#1: exit
2023/03/31 04:41:03 [notice] 1#1: using the "epoll" event method
2023/03/31 04:41:03 [notice] 1#1: nginx/1.23.4
2023/03/31 04:41:03 [notice] 1#1: built by gcc 10.2.1 20210110 (Debian 10.2.1-6) 
2023/03/31 04:41:03 [notice] 1#1: OS: Linux 3.10.0-1160.88.1.el7.x86_64
2023/03/31 04:41:03 [notice] 1#1: getrlimit(RLIMIT_NOFILE): 1048576:1048576
2023/03/31 04:41:03 [notice] 1#1: start worker processes
2023/03/31 04:41:03 [notice] 1#1: start worker process 28
2023/03/31 05:26:34 [notice] 1#1: signal 3 (SIGQUIT) received, shutting down
2023/03/31 05:26:34 [notice] 28#28: gracefully shutting down
2023/03/31 05:26:34 [notice] 28#28: exiting
2023/03/31 05:26:34 [notice] 28#28: exit
2023/03/31 05:26:34 [notice] 1#1: signal 17 (SIGCHLD) received from 28
2023/03/31 05:26:34 [notice] 1#1: worker process 28 exited with code 0
2023/03/31 05:26:34 [notice] 1#1: exit
